{"C:\\Users\\Thayl\\CODE\\dnc-sales-dashboard-thaylla\\src\\components\\AvatarList.tsx": {"path":"C:\\Users\\Thayl\\CODE\\dnc-sales-dashboard-thaylla\\src\\components\\AvatarList.tsx","statementMap":{"0":{"start":{"line":1,"column":0},"end":{"line":1,"column":51}},"1":{"start":{"line":4,"column":0},"end":{"line":4,"column":38}},"2":{"start":{"line":5,"column":0},"end":{"line":5,"column":35}},"3":{"start":{"line":8,"column":0},"end":{"line":8,"column":33}},"4":{"start":{"line":14,"column":4},"end":{"line":43,"column":null}},"5":{"start":{"line":17,"column":16},"end":{"line":23,"column":null}},"6":{"start":{"line":46,"column":0},"end":{"line":46,"column":null}}},"fnMap":{"0":{"name":"AvatarsList","decl":{"start":{"line":13,"column":9},"end":{"line":13,"column":20}},"loc":{"start":{"line":13,"column":45},"end":{"line":44,"column":1}}},"1":{"name":"(anonymous_1)","decl":{"start":{"line":16,"column":32},"end":{"line":16,"column":33}},"loc":{"start":{"line":17,"column":16},"end":{"line":23,"column":null}}}},"branchMap":{"0":{"loc":{"start":{"line":28,"column":33},"end":{"line":28,"column":65}},"type":"binary-expr","locations":[{"start":{"line":28,"column":33},"end":{"line":28,"column":44}},{"start":{"line":28,"column":48},"end":{"line":28,"column":65}}]}},"s":{"0":1,"1":1,"2":1,"3":1,"4":0,"5":0,"6":1},"f":{"0":0,"1":0},"b":{"0":[0,0]}}
,"C:\\Users\\Thayl\\CODE\\dnc-sales-dashboard-thaylla\\src\\components\\BannerImage.tsx": {"path":"C:\\Users\\Thayl\\CODE\\dnc-sales-dashboard-thaylla\\src\\components\\BannerImage.tsx","statementMap":{"0":{"start":{"line":1,"column":0},"end":{"line":1,"column":39}},"1":{"start":{"line":3,"column":13},"end":{"line":9,"column":2}}},"fnMap":{},"branchMap":{},"s":{"0":1,"1":1},"f":{},"b":{}}
,"C:\\Users\\Thayl\\CODE\\dnc-sales-dashboard-thaylla\\src\\components\\CardComponent.tsx": {"path":"C:\\Users\\Thayl\\CODE\\dnc-sales-dashboard-thaylla\\src\\components\\CardComponent.tsx","statementMap":{"0":{"start":{"line":1,"column":0},"end":{"line":1,"column":39}},"1":{"start":{"line":2,"column":0},"end":{"line":2,"column":34}},"2":{"start":{"line":4,"column":13},"end":{"line":27,"column":2}},"3":{"start":{"line":5,"column":31},"end":{"line":5,"column":58}},"4":{"start":{"line":6,"column":41},"end":{"line":6,"column":64}},"5":{"start":{"line":12,"column":31},"end":{"line":12,"column":53}},"6":{"start":{"line":13,"column":27},"end":{"line":13,"column":49}},"7":{"start":{"line":16,"column":31},"end":{"line":16,"column":55}},"8":{"start":{"line":17,"column":27},"end":{"line":17,"column":51}},"9":{"start":{"line":20,"column":31},"end":{"line":20,"column":55}},"10":{"start":{"line":21,"column":27},"end":{"line":21,"column":51}}},"fnMap":{"0":{"name":"(anonymous_1)","decl":{"start":{"line":5,"column":20},"end":{"line":5,"column":21}},"loc":{"start":{"line":5,"column":31},"end":{"line":5,"column":58}}},"1":{"name":"(anonymous_2)","decl":{"start":{"line":6,"column":30},"end":{"line":6,"column":31}},"loc":{"start":{"line":6,"column":41},"end":{"line":6,"column":64}}},"2":{"name":"(anonymous_3)","decl":{"start":{"line":12,"column":20},"end":{"line":12,"column":21}},"loc":{"start":{"line":12,"column":31},"end":{"line":12,"column":53}}},"3":{"name":"(anonymous_4)","decl":{"start":{"line":13,"column":16},"end":{"line":13,"column":17}},"loc":{"start":{"line":13,"column":27},"end":{"line":13,"column":49}}},"4":{"name":"(anonymous_5)","decl":{"start":{"line":16,"column":20},"end":{"line":16,"column":21}},"loc":{"start":{"line":16,"column":31},"end":{"line":16,"column":55}}},"5":{"name":"(anonymous_6)","decl":{"start":{"line":17,"column":16},"end":{"line":17,"column":17}},"loc":{"start":{"line":17,"column":27},"end":{"line":17,"column":51}}},"6":{"name":"(anonymous_7)","decl":{"start":{"line":20,"column":20},"end":{"line":20,"column":21}},"loc":{"start":{"line":20,"column":31},"end":{"line":20,"column":55}}},"7":{"name":"(anonymous_8)","decl":{"start":{"line":21,"column":16},"end":{"line":21,"column":17}},"loc":{"start":{"line":21,"column":27},"end":{"line":21,"column":51}}}},"branchMap":{},"s":{"0":1,"1":1,"2":1,"3":0,"4":0,"5":0,"6":0,"7":0,"8":0,"9":0,"10":0},"f":{"0":0,"1":0,"2":0,"3":0,"4":0,"5":0,"6":0,"7":0},"b":{}}
,"C:\\Users\\Thayl\\CODE\\dnc-sales-dashboard-thaylla\\src\\components\\CustomChart.tsx": {"path":"C:\\Users\\Thayl\\CODE\\dnc-sales-dashboard-thaylla\\src\\components\\CustomChart.tsx","statementMap":{"0":{"start":{"line":1,"column":0},"end":{"line":1,"column":45}},"1":{"start":{"line":2,"column":0},"end":{"line":2,"column":null}},"2":{"start":{"line":13,"column":0},"end":{"line":13,"column":38}},"3":{"start":{"line":14,"column":0},"end":{"line":14,"column":37}},"4":{"start":{"line":17,"column":0},"end":{"line":26,"column":null}},"5":{"start":{"line":29,"column":35},"end":{"line":29,"column":40}},"6":{"start":{"line":30,"column":18},"end":{"line":30,"column":28}},"7":{"start":{"line":31,"column":20},"end":{"line":63,"column":null}},"8":{"start":{"line":64,"column":22},"end":{"line":73,"column":null}},"9":{"start":{"line":74,"column":4},"end":{"line":75,"column":null}},"10":{"start":{"line":82,"column":0},"end":{"line":82,"column":null}}},"fnMap":{"0":{"name":"CustomChart","decl":{"start":{"line":28,"column":9},"end":{"line":28,"column":20}},"loc":{"start":{"line":28,"column":44},"end":{"line":80,"column":1}}}},"branchMap":{"0":{"loc":{"start":{"line":74,"column":11},"end":{"line":75,"column":55}},"type":"cond-expr","locations":[{"start":{"line":74,"column":29},"end":{"line":74,"column":71}},{"start":{"line":75,"column":11},"end":{"line":75,"column":54}}]}},"s":{"0":1,"1":1,"2":1,"3":1,"4":1,"5":0,"6":0,"7":0,"8":0,"9":0,"10":1},"f":{"0":0},"b":{"0":[0,0]}}
,"C:\\Users\\Thayl\\CODE\\dnc-sales-dashboard-thaylla\\src\\components\\CustomTable.tsx": {"path":"C:\\Users\\Thayl\\CODE\\dnc-sales-dashboard-thaylla\\src\\components\\CustomTable.tsx","statementMap":{"0":{"start":{"line":1,"column":0},"end":{"line":1,"column":39}},"1":{"start":{"line":3,"column":0},"end":{"line":3,"column":34}},"2":{"start":{"line":5,"column":21},"end":{"line":36,"column":2}},"3":{"start":{"line":8,"column":31},"end":{"line":8,"column":56}},"4":{"start":{"line":25,"column":32},"end":{"line":25,"column":65}},"5":{"start":{"line":30,"column":60},"end":{"line":30,"column":88}},"6":{"start":{"line":39,"column":30},"end":{"line":39,"column":35}},"7":{"start":{"line":40,"column":4},"end":{"line":61,"column":null}},"8":{"start":{"line":46,"column":28},"end":{"line":46,"column":45}},"9":{"start":{"line":52,"column":24},"end":{"line":52,"column":null}},"10":{"start":{"line":54,"column":32},"end":{"line":54,"column":53}},"11":{"start":{"line":64,"column":0},"end":{"line":64,"column":null}}},"fnMap":{"0":{"name":"(anonymous_1)","decl":{"start":{"line":8,"column":20},"end":{"line":8,"column":21}},"loc":{"start":{"line":8,"column":31},"end":{"line":8,"column":56}}},"1":{"name":"(anonymous_2)","decl":{"start":{"line":25,"column":21},"end":{"line":25,"column":22}},"loc":{"start":{"line":25,"column":32},"end":{"line":25,"column":65}}},"2":{"name":"(anonymous_3)","decl":{"start":{"line":30,"column":49},"end":{"line":30,"column":50}},"loc":{"start":{"line":30,"column":60},"end":{"line":30,"column":88}}},"3":{"name":"CustomTable","decl":{"start":{"line":38,"column":9},"end":{"line":38,"column":20}},"loc":{"start":{"line":38,"column":44},"end":{"line":62,"column":1}}},"4":{"name":"(anonymous_5)","decl":{"start":{"line":45,"column":37},"end":{"line":45,"column":38}},"loc":{"start":{"line":46,"column":28},"end":{"line":46,"column":45}}},"5":{"name":"(anonymous_6)","decl":{"start":{"line":51,"column":30},"end":{"line":51,"column":31}},"loc":{"start":{"line":52,"column":24},"end":{"line":52,"column":null}}},"6":{"name":"(anonymous_7)","decl":{"start":{"line":53,"column":37},"end":{"line":53,"column":38}},"loc":{"start":{"line":54,"column":32},"end":{"line":54,"column":53}}}},"branchMap":{},"s":{"0":1,"1":1,"2":1,"3":0,"4":0,"5":0,"6":0,"7":0,"8":0,"9":0,"10":0,"11":1},"f":{"0":0,"1":0,"2":0,"3":0,"4":0,"5":0,"6":0},"b":{}}
,"C:\\Users\\Thayl\\CODE\\dnc-sales-dashboard-thaylla\\src\\components\\FormComponent.tsx": {"path":"C:\\Users\\Thayl\\CODE\\dnc-sales-dashboard-thaylla\\src\\components\\FormComponent.tsx","statementMap":{"0":{"start":{"line":1,"column":0},"end":{"line":1,"column":39}},"1":{"start":{"line":2,"column":0},"end":{"line":2,"column":65}},"2":{"start":{"line":4,"column":0},"end":{"line":4,"column":34}},"3":{"start":{"line":6,"column":13},"end":{"line":10,"column":2}},"4":{"start":{"line":14,"column":41},"end":{"line":14,"column":46}},"5":{"start":{"line":15,"column":4},"end":{"line":29,"column":null}},"6":{"start":{"line":18,"column":16},"end":{"line":18,"column":44}},"7":{"start":{"line":21,"column":16},"end":{"line":21,"column":46}},"8":{"start":{"line":32,"column":0},"end":{"line":32,"column":null}}},"fnMap":{"0":{"name":"FormComponent","decl":{"start":{"line":13,"column":9},"end":{"line":13,"column":22}},"loc":{"start":{"line":13,"column":48},"end":{"line":30,"column":1}}},"1":{"name":"(anonymous_2)","decl":{"start":{"line":17,"column":24},"end":{"line":17,"column":25}},"loc":{"start":{"line":18,"column":16},"end":{"line":18,"column":44}}},"2":{"name":"(anonymous_3)","decl":{"start":{"line":20,"column":25},"end":{"line":20,"column":26}},"loc":{"start":{"line":21,"column":16},"end":{"line":21,"column":46}}}},"branchMap":{"0":{"loc":{"start":{"line":23,"column":13},"end":{"line":26,"column":null}},"type":"binary-expr","locations":[{"start":{"line":23,"column":13},"end":{"line":23,"column":20}},{"start":{"line":24,"column":16},"end":{"line":25,"column":null}}]},"1":{"loc":{"start":{"line":24,"column":36},"end":{"line":24,"column":82}},"type":"cond-expr","locations":[{"start":{"line":24,"column":63},"end":{"line":24,"column":70}},{"start":{"line":24,"column":73},"end":{"line":24,"column":82}}]}},"s":{"0":1,"1":1,"2":1,"3":1,"4":0,"5":0,"6":0,"7":0,"8":1},"f":{"0":0,"1":0,"2":0},"b":{"0":[0,0],"1":[0,0]}}
,"C:\\Users\\Thayl\\CODE\\dnc-sales-dashboard-thaylla\\src\\components\\Header.tsx": {"path":"C:\\Users\\Thayl\\CODE\\dnc-sales-dashboard-thaylla\\src\\components\\Header.tsx","statementMap":{"0":{"start":{"line":1,"column":0},"end":{"line":1,"column":39}},"1":{"start":{"line":2,"column":0},"end":{"line":2,"column":36}},"2":{"start":{"line":3,"column":0},"end":{"line":3,"column":40}},"3":{"start":{"line":4,"column":0},"end":{"line":4,"column":55}},"4":{"start":{"line":5,"column":0},"end":{"line":5,"column":34}},"5":{"start":{"line":7,"column":21},"end":{"line":12,"column":2}},"6":{"start":{"line":8,"column":31},"end":{"line":8,"column":56}},"7":{"start":{"line":9,"column":48},"end":{"line":9,"column":84}},"8":{"start":{"line":15,"column":4},"end":{"line":33,"column":null}},"9":{"start":{"line":36,"column":0},"end":{"line":36,"column":null}}},"fnMap":{"0":{"name":"(anonymous_1)","decl":{"start":{"line":8,"column":20},"end":{"line":8,"column":21}},"loc":{"start":{"line":8,"column":31},"end":{"line":8,"column":56}}},"1":{"name":"(anonymous_2)","decl":{"start":{"line":9,"column":37},"end":{"line":9,"column":38}},"loc":{"start":{"line":9,"column":48},"end":{"line":9,"column":84}}},"2":{"name":"Header","decl":{"start":{"line":14,"column":9},"end":{"line":14,"column":15}},"loc":{"start":{"line":14,"column":15},"end":{"line":34,"column":1}}}},"branchMap":{},"s":{"0":1,"1":1,"2":1,"3":1,"4":1,"5":1,"6":0,"7":0,"8":0,"9":1},"f":{"0":0,"1":0,"2":0},"b":{}}
,"C:\\Users\\Thayl\\CODE\\dnc-sales-dashboard-thaylla\\src\\components\\Logo.tsx": {"path":"C:\\Users\\Thayl\\CODE\\dnc-sales-dashboard-thaylla\\src\\components\\Logo.tsx","statementMap":{"0":{"start":{"line":1,"column":0},"end":{"line":1,"column":39}},"1":{"start":{"line":2,"column":0},"end":{"line":2,"column":34}},"2":{"start":{"line":4,"column":13},"end":{"line":9,"column":2}},"3":{"start":{"line":5,"column":39},"end":{"line":5,"column":52}},"4":{"start":{"line":7,"column":21},"end":{"line":7,"column":42}},"5":{"start":{"line":8,"column":20},"end":{"line":8,"column":40}}},"fnMap":{"0":{"name":"(anonymous_1)","decl":{"start":{"line":5,"column":24},"end":{"line":5,"column":25}},"loc":{"start":{"line":5,"column":39},"end":{"line":5,"column":52}}},"1":{"name":"(anonymous_2)","decl":{"start":{"line":7,"column":10},"end":{"line":7,"column":11}},"loc":{"start":{"line":7,"column":21},"end":{"line":7,"column":42}}},"2":{"name":"(anonymous_3)","decl":{"start":{"line":8,"column":9},"end":{"line":8,"column":10}},"loc":{"start":{"line":8,"column":20},"end":{"line":8,"column":40}}}},"branchMap":{},"s":{"0":1,"1":1,"2":1,"3":0,"4":0,"5":0},"f":{"0":0,"1":0,"2":0},"b":{}}
,"C:\\Users\\Thayl\\CODE\\dnc-sales-dashboard-thaylla\\src\\components\\StyledButton.tsx": {"path":"C:\\Users\\Thayl\\CODE\\dnc-sales-dashboard-thaylla\\src\\components\\StyledButton.tsx","statementMap":{"0":{"start":{"line":1,"column":0},"end":{"line":1,"column":39}},"1":{"start":{"line":3,"column":0},"end":{"line":3,"column":34}},"2":{"start":{"line":5,"column":13},"end":{"line":53,"column":2}},"3":{"start":{"line":18,"column":35},"end":{"line":18,"column":62}},"4":{"start":{"line":19,"column":24},"end":{"line":19,"column":56}},"5":{"start":{"line":21,"column":39},"end":{"line":21,"column":71}},"6":{"start":{"line":26,"column":35},"end":{"line":26,"column":60}},"7":{"start":{"line":27,"column":24},"end":{"line":27,"column":54}},"8":{"start":{"line":29,"column":39},"end":{"line":29,"column":69}},"9":{"start":{"line":35,"column":24},"end":{"line":35,"column":49}},"10":{"start":{"line":39,"column":28},"end":{"line":39,"column":58}},"11":{"start":{"line":45,"column":35},"end":{"line":45,"column":63}},"12":{"start":{"line":46,"column":24},"end":{"line":46,"column":57}},"13":{"start":{"line":49,"column":39},"end":{"line":49,"column":67}},"14":{"start":{"line":50,"column":28},"end":{"line":50,"column":61}}},"fnMap":{"0":{"name":"(anonymous_1)","decl":{"start":{"line":18,"column":24},"end":{"line":18,"column":25}},"loc":{"start":{"line":18,"column":35},"end":{"line":18,"column":62}}},"1":{"name":"(anonymous_2)","decl":{"start":{"line":19,"column":13},"end":{"line":19,"column":14}},"loc":{"start":{"line":19,"column":24},"end":{"line":19,"column":56}}},"2":{"name":"(anonymous_3)","decl":{"start":{"line":21,"column":28},"end":{"line":21,"column":29}},"loc":{"start":{"line":21,"column":39},"end":{"line":21,"column":71}}},"3":{"name":"(anonymous_4)","decl":{"start":{"line":26,"column":24},"end":{"line":26,"column":25}},"loc":{"start":{"line":26,"column":35},"end":{"line":26,"column":60}}},"4":{"name":"(anonymous_5)","decl":{"start":{"line":27,"column":13},"end":{"line":27,"column":14}},"loc":{"start":{"line":27,"column":24},"end":{"line":27,"column":54}}},"5":{"name":"(anonymous_6)","decl":{"start":{"line":29,"column":28},"end":{"line":29,"column":29}},"loc":{"start":{"line":29,"column":39},"end":{"line":29,"column":69}}},"6":{"name":"(anonymous_7)","decl":{"start":{"line":35,"column":13},"end":{"line":35,"column":14}},"loc":{"start":{"line":35,"column":24},"end":{"line":35,"column":49}}},"7":{"name":"(anonymous_8)","decl":{"start":{"line":39,"column":17},"end":{"line":39,"column":18}},"loc":{"start":{"line":39,"column":28},"end":{"line":39,"column":58}}},"8":{"name":"(anonymous_9)","decl":{"start":{"line":45,"column":24},"end":{"line":45,"column":25}},"loc":{"start":{"line":45,"column":35},"end":{"line":45,"column":63}}},"9":{"name":"(anonymous_10)","decl":{"start":{"line":46,"column":13},"end":{"line":46,"column":14}},"loc":{"start":{"line":46,"column":24},"end":{"line":46,"column":57}}},"10":{"name":"(anonymous_11)","decl":{"start":{"line":49,"column":28},"end":{"line":49,"column":29}},"loc":{"start":{"line":49,"column":39},"end":{"line":49,"column":67}}},"11":{"name":"(anonymous_12)","decl":{"start":{"line":50,"column":17},"end":{"line":50,"column":18}},"loc":{"start":{"line":50,"column":28},"end":{"line":50,"column":61}}}},"branchMap":{},"s":{"0":1,"1":1,"2":1,"3":0,"4":0,"5":0,"6":0,"7":0,"8":0,"9":0,"10":0,"11":0,"12":0,"13":0,"14":0},"f":{"0":0,"1":0,"2":0,"3":0,"4":0,"5":0,"6":0,"7":0,"8":0,"9":0,"10":0,"11":0},"b":{}}
,"C:\\Users\\Thayl\\CODE\\dnc-sales-dashboard-thaylla\\src\\components\\StyledInput.tsx": {"path":"C:\\Users\\Thayl\\CODE\\dnc-sales-dashboard-thaylla\\src\\components\\StyledInput.tsx","statementMap":{"0":{"start":{"line":1,"column":0},"end":{"line":1,"column":39}},"1":{"start":{"line":3,"column":0},"end":{"line":3,"column":34}},"2":{"start":{"line":5,"column":13},"end":{"line":30,"column":2}},"3":{"start":{"line":6,"column":35},"end":{"line":6,"column":63}},"4":{"start":{"line":7,"column":24},"end":{"line":7,"column":57}},"5":{"start":{"line":9,"column":45},"end":{"line":9,"column":78}},"6":{"start":{"line":20,"column":35},"end":{"line":20,"column":65}},"7":{"start":{"line":21,"column":46},"end":{"line":21,"column":87}},"8":{"start":{"line":22,"column":24},"end":{"line":22,"column":59}},"9":{"start":{"line":28,"column":24},"end":{"line":28,"column":61}}},"fnMap":{"0":{"name":"(anonymous_1)","decl":{"start":{"line":6,"column":24},"end":{"line":6,"column":25}},"loc":{"start":{"line":6,"column":35},"end":{"line":6,"column":63}}},"1":{"name":"(anonymous_2)","decl":{"start":{"line":7,"column":13},"end":{"line":7,"column":14}},"loc":{"start":{"line":7,"column":24},"end":{"line":7,"column":57}}},"2":{"name":"(anonymous_3)","decl":{"start":{"line":9,"column":34},"end":{"line":9,"column":35}},"loc":{"start":{"line":9,"column":45},"end":{"line":9,"column":78}}},"3":{"name":"(anonymous_4)","decl":{"start":{"line":20,"column":24},"end":{"line":20,"column":25}},"loc":{"start":{"line":20,"column":35},"end":{"line":20,"column":65}}},"4":{"name":"(anonymous_5)","decl":{"start":{"line":21,"column":35},"end":{"line":21,"column":36}},"loc":{"start":{"line":21,"column":46},"end":{"line":21,"column":87}}},"5":{"name":"(anonymous_6)","decl":{"start":{"line":22,"column":13},"end":{"line":22,"column":14}},"loc":{"start":{"line":22,"column":24},"end":{"line":22,"column":59}}},"6":{"name":"(anonymous_7)","decl":{"start":{"line":28,"column":13},"end":{"line":28,"column":14}},"loc":{"start":{"line":28,"column":24},"end":{"line":28,"column":61}}}},"branchMap":{},"s":{"0":1,"1":1,"2":1,"3":0,"4":0,"5":0,"6":0,"7":0,"8":0,"9":0},"f":{"0":0,"1":0,"2":0,"3":0,"4":0,"5":0,"6":0},"b":{}}
,"C:\\Users\\Thayl\\CODE\\dnc-sales-dashboard-thaylla\\src\\components\\Typographies.tsx": {"path":"C:\\Users\\Thayl\\CODE\\dnc-sales-dashboard-thaylla\\src\\components\\Typographies.tsx","statementMap":{"0":{"start":{"line":1,"column":0},"end":{"line":1,"column":39}},"1":{"start":{"line":3,"column":0},"end":{"line":3,"column":34}},"2":{"start":{"line":6,"column":13},"end":{"line":12,"column":2}},"3":{"start":{"line":7,"column":20},"end":{"line":7,"column":44}},"4":{"start":{"line":8,"column":24},"end":{"line":8,"column":49}},"5":{"start":{"line":9,"column":26},"end":{"line":9,"column":54}},"6":{"start":{"line":10,"column":26},"end":{"line":10,"column":57}},"7":{"start":{"line":14,"column":13},"end":{"line":20,"column":2}},"8":{"start":{"line":15,"column":20},"end":{"line":15,"column":44}},"9":{"start":{"line":16,"column":24},"end":{"line":16,"column":49}},"10":{"start":{"line":17,"column":26},"end":{"line":17,"column":54}},"11":{"start":{"line":18,"column":26},"end":{"line":18,"column":57}},"12":{"start":{"line":22,"column":13},"end":{"line":28,"column":2}},"13":{"start":{"line":23,"column":20},"end":{"line":23,"column":44}},"14":{"start":{"line":24,"column":24},"end":{"line":24,"column":49}},"15":{"start":{"line":25,"column":26},"end":{"line":25,"column":54}},"16":{"start":{"line":26,"column":26},"end":{"line":26,"column":57}},"17":{"start":{"line":32,"column":13},"end":{"line":37,"column":2}},"18":{"start":{"line":33,"column":20},"end":{"line":33,"column":44}},"19":{"start":{"line":34,"column":24},"end":{"line":34,"column":49}},"20":{"start":{"line":35,"column":26},"end":{"line":35,"column":54}},"21":{"start":{"line":36,"column":26},"end":{"line":36,"column":57}},"22":{"start":{"line":39,"column":13},"end":{"line":45,"column":2}},"23":{"start":{"line":40,"column":20},"end":{"line":40,"column":44}},"24":{"start":{"line":41,"column":24},"end":{"line":41,"column":49}},"25":{"start":{"line":42,"column":26},"end":{"line":42,"column":54}},"26":{"start":{"line":43,"column":26},"end":{"line":43,"column":57}},"27":{"start":{"line":47,"column":13},"end":{"line":57,"column":2}},"28":{"start":{"line":48,"column":20},"end":{"line":48,"column":44}},"29":{"start":{"line":49,"column":24},"end":{"line":49,"column":49}},"30":{"start":{"line":50,"column":26},"end":{"line":50,"column":54}},"31":{"start":{"line":51,"column":26},"end":{"line":51,"column":57}}},"fnMap":{"0":{"name":"(anonymous_1)","decl":{"start":{"line":7,"column":9},"end":{"line":7,"column":10}},"loc":{"start":{"line":7,"column":20},"end":{"line":7,"column":44}}},"1":{"name":"(anonymous_2)","decl":{"start":{"line":8,"column":13},"end":{"line":8,"column":14}},"loc":{"start":{"line":8,"column":24},"end":{"line":8,"column":49}}},"2":{"name":"(anonymous_3)","decl":{"start":{"line":9,"column":15},"end":{"line":9,"column":16}},"loc":{"start":{"line":9,"column":26},"end":{"line":9,"column":54}}},"3":{"name":"(anonymous_4)","decl":{"start":{"line":10,"column":15},"end":{"line":10,"column":16}},"loc":{"start":{"line":10,"column":26},"end":{"line":10,"column":57}}},"4":{"name":"(anonymous_5)","decl":{"start":{"line":15,"column":9},"end":{"line":15,"column":10}},"loc":{"start":{"line":15,"column":20},"end":{"line":15,"column":44}}},"5":{"name":"(anonymous_6)","decl":{"start":{"line":16,"column":13},"end":{"line":16,"column":14}},"loc":{"start":{"line":16,"column":24},"end":{"line":16,"column":49}}},"6":{"name":"(anonymous_7)","decl":{"start":{"line":17,"column":15},"end":{"line":17,"column":16}},"loc":{"start":{"line":17,"column":26},"end":{"line":17,"column":54}}},"7":{"name":"(anonymous_8)","decl":{"start":{"line":18,"column":15},"end":{"line":18,"column":16}},"loc":{"start":{"line":18,"column":26},"end":{"line":18,"column":57}}},"8":{"name":"(anonymous_9)","decl":{"start":{"line":23,"column":9},"end":{"line":23,"column":10}},"loc":{"start":{"line":23,"column":20},"end":{"line":23,"column":44}}},"9":{"name":"(anonymous_10)","decl":{"start":{"line":24,"column":13},"end":{"line":24,"column":14}},"loc":{"start":{"line":24,"column":24},"end":{"line":24,"column":49}}},"10":{"name":"(anonymous_11)","decl":{"start":{"line":25,"column":15},"end":{"line":25,"column":16}},"loc":{"start":{"line":25,"column":26},"end":{"line":25,"column":54}}},"11":{"name":"(anonymous_12)","decl":{"start":{"line":26,"column":15},"end":{"line":26,"column":16}},"loc":{"start":{"line":26,"column":26},"end":{"line":26,"column":57}}},"12":{"name":"(anonymous_13)","decl":{"start":{"line":33,"column":9},"end":{"line":33,"column":10}},"loc":{"start":{"line":33,"column":20},"end":{"line":33,"column":44}}},"13":{"name":"(anonymous_14)","decl":{"start":{"line":34,"column":13},"end":{"line":34,"column":14}},"loc":{"start":{"line":34,"column":24},"end":{"line":34,"column":49}}},"14":{"name":"(anonymous_15)","decl":{"start":{"line":35,"column":15},"end":{"line":35,"column":16}},"loc":{"start":{"line":35,"column":26},"end":{"line":35,"column":54}}},"15":{"name":"(anonymous_16)","decl":{"start":{"line":36,"column":15},"end":{"line":36,"column":16}},"loc":{"start":{"line":36,"column":26},"end":{"line":36,"column":57}}},"16":{"name":"(anonymous_17)","decl":{"start":{"line":40,"column":9},"end":{"line":40,"column":10}},"loc":{"start":{"line":40,"column":20},"end":{"line":40,"column":44}}},"17":{"name":"(anonymous_18)","decl":{"start":{"line":41,"column":13},"end":{"line":41,"column":14}},"loc":{"start":{"line":41,"column":24},"end":{"line":41,"column":49}}},"18":{"name":"(anonymous_19)","decl":{"start":{"line":42,"column":15},"end":{"line":42,"column":16}},"loc":{"start":{"line":42,"column":26},"end":{"line":42,"column":54}}},"19":{"name":"(anonymous_20)","decl":{"start":{"line":43,"column":15},"end":{"line":43,"column":16}},"loc":{"start":{"line":43,"column":26},"end":{"line":43,"column":57}}},"20":{"name":"(anonymous_21)","decl":{"start":{"line":48,"column":9},"end":{"line":48,"column":10}},"loc":{"start":{"line":48,"column":20},"end":{"line":48,"column":44}}},"21":{"name":"(anonymous_22)","decl":{"start":{"line":49,"column":13},"end":{"line":49,"column":14}},"loc":{"start":{"line":49,"column":24},"end":{"line":49,"column":49}}},"22":{"name":"(anonymous_23)","decl":{"start":{"line":50,"column":15},"end":{"line":50,"column":16}},"loc":{"start":{"line":50,"column":26},"end":{"line":50,"column":54}}},"23":{"name":"(anonymous_24)","decl":{"start":{"line":51,"column":15},"end":{"line":51,"column":16}},"loc":{"start":{"line":51,"column":26},"end":{"line":51,"column":57}}}},"branchMap":{"0":{"loc":{"start":{"line":7,"column":20},"end":{"line":7,"column":44}},"type":"binary-expr","locations":[{"start":{"line":7,"column":20},"end":{"line":7,"column":31}},{"start":{"line":7,"column":35},"end":{"line":7,"column":44}}]},"1":{"loc":{"start":{"line":8,"column":32},"end":{"line":8,"column":48}},"type":"binary-expr","locations":[{"start":{"line":8,"column":32},"end":{"line":8,"column":42}},{"start":{"line":8,"column":46},"end":{"line":8,"column":48}}]},"2":{"loc":{"start":{"line":9,"column":34},"end":{"line":9,"column":53}},"type":"binary-expr","locations":[{"start":{"line":9,"column":34},"end":{"line":9,"column":46}},{"start":{"line":9,"column":50},"end":{"line":9,"column":53}}]},"3":{"loc":{"start":{"line":10,"column":34},"end":{"line":10,"column":56}},"type":"binary-expr","locations":[{"start":{"line":10,"column":34},"end":{"line":10,"column":50}},{"start":{"line":10,"column":54},"end":{"line":10,"column":56}}]},"4":{"loc":{"start":{"line":15,"column":20},"end":{"line":15,"column":44}},"type":"binary-expr","locations":[{"start":{"line":15,"column":20},"end":{"line":15,"column":31}},{"start":{"line":15,"column":35},"end":{"line":15,"column":44}}]},"5":{"loc":{"start":{"line":16,"column":32},"end":{"line":16,"column":48}},"type":"binary-expr","locations":[{"start":{"line":16,"column":32},"end":{"line":16,"column":42}},{"start":{"line":16,"column":46},"end":{"line":16,"column":48}}]},"6":{"loc":{"start":{"line":17,"column":34},"end":{"line":17,"column":53}},"type":"binary-expr","locations":[{"start":{"line":17,"column":34},"end":{"line":17,"column":46}},{"start":{"line":17,"column":50},"end":{"line":17,"column":53}}]},"7":{"loc":{"start":{"line":18,"column":34},"end":{"line":18,"column":56}},"type":"binary-expr","locations":[{"start":{"line":18,"column":34},"end":{"line":18,"column":50}},{"start":{"line":18,"column":54},"end":{"line":18,"column":56}}]},"8":{"loc":{"start":{"line":23,"column":20},"end":{"line":23,"column":44}},"type":"binary-expr","locations":[{"start":{"line":23,"column":20},"end":{"line":23,"column":31}},{"start":{"line":23,"column":35},"end":{"line":23,"column":44}}]},"9":{"loc":{"start":{"line":24,"column":32},"end":{"line":24,"column":48}},"type":"binary-expr","locations":[{"start":{"line":24,"column":32},"end":{"line":24,"column":42}},{"start":{"line":24,"column":46},"end":{"line":24,"column":48}}]},"10":{"loc":{"start":{"line":25,"column":34},"end":{"line":25,"column":53}},"type":"binary-expr","locations":[{"start":{"line":25,"column":34},"end":{"line":25,"column":46}},{"start":{"line":25,"column":50},"end":{"line":25,"column":53}}]},"11":{"loc":{"start":{"line":26,"column":34},"end":{"line":26,"column":56}},"type":"binary-expr","locations":[{"start":{"line":26,"column":34},"end":{"line":26,"column":50}},{"start":{"line":26,"column":54},"end":{"line":26,"column":56}}]},"12":{"loc":{"start":{"line":33,"column":20},"end":{"line":33,"column":44}},"type":"binary-expr","locations":[{"start":{"line":33,"column":20},"end":{"line":33,"column":31}},{"start":{"line":33,"column":35},"end":{"line":33,"column":44}}]},"13":{"loc":{"start":{"line":34,"column":32},"end":{"line":34,"column":48}},"type":"binary-expr","locations":[{"start":{"line":34,"column":32},"end":{"line":34,"column":42}},{"start":{"line":34,"column":46},"end":{"line":34,"column":48}}]},"14":{"loc":{"start":{"line":35,"column":34},"end":{"line":35,"column":53}},"type":"binary-expr","locations":[{"start":{"line":35,"column":34},"end":{"line":35,"column":46}},{"start":{"line":35,"column":50},"end":{"line":35,"column":53}}]},"15":{"loc":{"start":{"line":36,"column":34},"end":{"line":36,"column":56}},"type":"binary-expr","locations":[{"start":{"line":36,"column":34},"end":{"line":36,"column":50}},{"start":{"line":36,"column":54},"end":{"line":36,"column":56}}]},"16":{"loc":{"start":{"line":40,"column":20},"end":{"line":40,"column":44}},"type":"binary-expr","locations":[{"start":{"line":40,"column":20},"end":{"line":40,"column":31}},{"start":{"line":40,"column":35},"end":{"line":40,"column":44}}]},"17":{"loc":{"start":{"line":41,"column":32},"end":{"line":41,"column":48}},"type":"binary-expr","locations":[{"start":{"line":41,"column":32},"end":{"line":41,"column":42}},{"start":{"line":41,"column":46},"end":{"line":41,"column":48}}]},"18":{"loc":{"start":{"line":42,"column":34},"end":{"line":42,"column":53}},"type":"binary-expr","locations":[{"start":{"line":42,"column":34},"end":{"line":42,"column":46}},{"start":{"line":42,"column":50},"end":{"line":42,"column":53}}]},"19":{"loc":{"start":{"line":43,"column":34},"end":{"line":43,"column":56}},"type":"binary-expr","locations":[{"start":{"line":43,"column":34},"end":{"line":43,"column":50}},{"start":{"line":43,"column":54},"end":{"line":43,"column":56}}]},"20":{"loc":{"start":{"line":48,"column":20},"end":{"line":48,"column":44}},"type":"binary-expr","locations":[{"start":{"line":48,"column":20},"end":{"line":48,"column":31}},{"start":{"line":48,"column":35},"end":{"line":48,"column":44}}]},"21":{"loc":{"start":{"line":49,"column":32},"end":{"line":49,"column":48}},"type":"binary-expr","locations":[{"start":{"line":49,"column":32},"end":{"line":49,"column":42}},{"start":{"line":49,"column":46},"end":{"line":49,"column":48}}]},"22":{"loc":{"start":{"line":50,"column":34},"end":{"line":50,"column":53}},"type":"binary-expr","locations":[{"start":{"line":50,"column":34},"end":{"line":50,"column":46}},{"start":{"line":50,"column":50},"end":{"line":50,"column":53}}]},"23":{"loc":{"start":{"line":51,"column":34},"end":{"line":51,"column":56}},"type":"binary-expr","locations":[{"start":{"line":51,"column":34},"end":{"line":51,"column":50}},{"start":{"line":51,"column":54},"end":{"line":51,"column":56}}]}},"s":{"0":1,"1":1,"2":1,"3":0,"4":0,"5":0,"6":0,"7":1,"8":0,"9":0,"10":0,"11":0,"12":1,"13":0,"14":0,"15":0,"16":0,"17":1,"18":0,"19":0,"20":0,"21":0,"22":1,"23":0,"24":0,"25":0,"26":0,"27":1,"28":0,"29":0,"30":0,"31":0},"f":{"0":0,"1":0,"2":0,"3":0,"4":0,"5":0,"6":0,"7":0,"8":0,"9":0,"10":0,"11":0,"12":0,"13":0,"14":0,"15":0,"16":0,"17":0,"18":0,"19":0,"20":0,"21":0,"22":0,"23":0},"b":{"0":[0,0],"1":[0,0],"2":[0,0],"3":[0,0],"4":[0,0],"5":[0,0],"6":[0,0],"7":[0,0],"8":[0,0],"9":[0,0],"10":[0,0],"11":[0,0],"12":[0,0],"13":[0,0],"14":[0,0],"15":[0,0],"16":[0,0],"17":[0,0],"18":[0,0],"19":[0,0],"20":[0,0],"21":[0,0],"22":[0,0],"23":[0,0]}}
,"C:\\Users\\Thayl\\CODE\\dnc-sales-dashboard-thaylla\\src\\components\\index.ts": {"path":"C:\\Users\\Thayl\\CODE\\dnc-sales-dashboard-thaylla\\src\\components\\index.ts","statementMap":{"0":{"start":{"line":1,"column":0},"end":{"line":1,"column":29}},"1":{"start":{"line":2,"column":0},"end":{"line":2,"column":22}},"2":{"start":{"line":3,"column":0},"end":{"line":3,"column":30}},"3":{"start":{"line":4,"column":0},"end":{"line":4,"column":29}},"4":{"start":{"line":5,"column":0},"end":{"line":5,"column":30}},"5":{"start":{"line":6,"column":0},"end":{"line":6,"column":31}},"6":{"start":{"line":7,"column":0},"end":{"line":7,"column":9}},"7":{"start":{"line":7,"column":9},"end":{"line":7,"column":33}},"8":{"start":{"line":8,"column":0},"end":{"line":8,"column":9}},"9":{"start":{"line":8,"column":9},"end":{"line":8,"column":26}},"10":{"start":{"line":9,"column":0},"end":{"line":9,"column":9}},"11":{"start":{"line":9,"column":9},"end":{"line":9,"column":30}},"12":{"start":{"line":10,"column":0},"end":{"line":10,"column":9}},"13":{"start":{"line":10,"column":9},"end":{"line":10,"column":31}},"14":{"start":{"line":11,"column":0},"end":{"line":11,"column":9}},"15":{"start":{"line":11,"column":9},"end":{"line":11,"column":31}}},"fnMap":{"0":{"name":"(anonymous_5)","decl":{"start":{"line":7,"column":9},"end":{"line":7,"column":16}},"loc":{"start":{"line":7,"column":9},"end":{"line":7,"column":33}}},"1":{"name":"(anonymous_6)","decl":{"start":{"line":8,"column":9},"end":{"line":8,"column":16}},"loc":{"start":{"line":8,"column":9},"end":{"line":8,"column":26}}},"2":{"name":"(anonymous_7)","decl":{"start":{"line":9,"column":9},"end":{"line":9,"column":16}},"loc":{"start":{"line":9,"column":9},"end":{"line":9,"column":30}}},"3":{"name":"(anonymous_8)","decl":{"start":{"line":10,"column":9},"end":{"line":10,"column":16}},"loc":{"start":{"line":10,"column":9},"end":{"line":10,"column":31}}},"4":{"name":"(anonymous_9)","decl":{"start":{"line":11,"column":9},"end":{"line":11,"column":16}},"loc":{"start":{"line":11,"column":9},"end":{"line":11,"column":31}}}},"branchMap":{},"s":{"0":1,"1":1,"2":1,"3":1,"4":1,"5":1,"6":1,"7":1,"8":1,"9":1,"10":1,"11":1,"12":1,"13":1,"14":1,"15":1},"f":{"0":0,"1":0,"2":0,"3":0,"4":0},"b":{}}
,"C:\\Users\\Thayl\\CODE\\dnc-sales-dashboard-thaylla\\src\\utils\\currencyConverter.ts": {"path":"C:\\Users\\Thayl\\CODE\\dnc-sales-dashboard-thaylla\\src\\utils\\currencyConverter.ts","statementMap":{"0":{"start":{"line":6,"column":33},"end":{"line":11,"column":1}},"1":{"start":{"line":7,"column":4},"end":{"line":10,"column":21}},"2":{"start":{"line":6,"column":13},"end":{"line":6,"column":33}}},"fnMap":{"0":{"name":"(anonymous_0)","decl":{"start":{"line":6,"column":33},"end":{"line":6,"column":34}},"loc":{"start":{"line":6,"column":59},"end":{"line":11,"column":1}}}},"branchMap":{},"s":{"0":4,"1":0,"2":4},"f":{"0":0},"b":{}}
,"C:\\Users\\Thayl\\CODE\\dnc-sales-dashboard-thaylla\\src\\utils\\highlightTextConverter.ts": {"path":"C:\\Users\\Thayl\\CODE\\dnc-sales-dashboard-thaylla\\src\\utils\\highlightTextConverter.ts","statementMap":{"0":{"start":{"line":6,"column":0},"end":{"line":6,"column":16}},"1":{"start":{"line":7,"column":4},"end":{"line":16,"column":5}},"2":{"start":{"line":9,"column":12},"end":{"line":9,"column":null}},"3":{"start":{"line":11,"column":12},"end":{"line":11,"column":null}},"4":{"start":{"line":13,"column":12},"end":{"line":13,"column":null}},"5":{"start":{"line":15,"column":12},"end":{"line":15,"column":null}}},"fnMap":{"0":{"name":"highlightTextConverter","decl":{"start":{"line":6,"column":16},"end":{"line":6,"column":38}},"loc":{"start":{"line":6,"column":51},"end":{"line":17,"column":1}}}},"branchMap":{"0":{"loc":{"start":{"line":7,"column":4},"end":{"line":16,"column":5}},"type":"switch","locations":[{"start":{"line":8,"column":8},"end":{"line":9,"column":null}},{"start":{"line":10,"column":8},"end":{"line":11,"column":null}},{"start":{"line":12,"column":8},"end":{"line":13,"column":null}},{"start":{"line":14,"column":8},"end":{"line":15,"column":null}}]}},"s":{"0":4,"1":4,"2":1,"3":1,"4":1,"5":1},"f":{"0":4},"b":{"0":[1,1,1,1]}}
,"C:\\Users\\Thayl\\CODE\\dnc-sales-dashboard-thaylla\\src\\utils\\index.ts": {"path":"C:\\Users\\Thayl\\CODE\\dnc-sales-dashboard-thaylla\\src\\utils\\index.ts","statementMap":{"0":{"start":{"line":1,"column":0},"end":{"line":1,"column":25}},"1":{"start":{"line":2,"column":0},"end":{"line":2,"column":35}},"2":{"start":{"line":3,"column":0},"end":{"line":3,"column":44}},"3":{"start":{"line":4,"column":0},"end":{"line":4,"column":40}}},"fnMap":{},"branchMap":{},"s":{"0":4,"1":4,"2":4,"3":4},"f":{},"b":{}}
,"C:\\Users\\Thayl\\CODE\\dnc-sales-dashboard-thaylla\\src\\utils\\jwtExpirationDateConverter.ts": {"path":"C:\\Users\\Thayl\\CODE\\dnc-sales-dashboard-thaylla\\src\\utils\\jwtExpirationDateConverter.ts","statementMap":{"0":{"start":{"line":6,"column":0},"end":{"line":6,"column":16}},"1":{"start":{"line":7,"column":24},"end":{"line":7,"column":53}},"2":{"start":{"line":8,"column":35},"end":{"line":8,"column":52}},"3":{"start":{"line":9,"column":26},"end":{"line":9,"column":38}},"4":{"start":{"line":10,"column":32},"end":{"line":10,"column":70}},"5":{"start":{"line":11,"column":4},"end":{"line":11,"column":31}}},"fnMap":{"0":{"name":"jwtExpirationDateConverter","decl":{"start":{"line":6,"column":16},"end":{"line":6,"column":42}},"loc":{"start":{"line":6,"column":54},"end":{"line":12,"column":1}}}},"branchMap":{},"s":{"0":4,"1":3,"2":3,"3":3,"4":3,"5":3},"f":{"0":3},"b":{}}
,"C:\\Users\\Thayl\\CODE\\dnc-sales-dashboard-thaylla\\src\\utils\\pxToRem.ts": {"path":"C:\\Users\\Thayl\\CODE\\dnc-sales-dashboard-thaylla\\src\\utils\\pxToRem.ts","statementMap":{"0":{"start":{"line":6,"column":0},"end":{"line":6,"column":16}},"1":{"start":{"line":7,"column":4},"end":{"line":7,"column":31}}},"fnMap":{"0":{"name":"pxToRem","decl":{"start":{"line":6,"column":16},"end":{"line":6,"column":23}},"loc":{"start":{"line":6,"column":38},"end":{"line":8,"column":1}}}},"branchMap":{},"s":{"0":4,"1":31},"f":{"0":31},"b":{}}
}
