TN:
SF:src\components\AvatarList.tsx
FN:13,AvatarsList
FN:16,(anonymous_1)
FNF:2
FNH:0
FNDA:0,AvatarsList
FNDA:0,(anonymous_1)
DA:1,4
DA:4,4
DA:5,4
DA:8,4
DA:14,0
DA:17,0
DA:46,4
LF:7
LH:5
BRDA:28,0,0,0
BRDA:28,0,1,0
BRF:2
BRH:0
end_of_record
TN:
SF:src\components\BannerImage.tsx
FNF:0
FNH:0
DA:1,4
DA:3,4
LF:2
LH:2
BRF:0
BRH:0
end_of_record
TN:
SF:src\components\CardComponent.tsx
FN:5,(anonymous_1)
FN:6,(anonymous_2)
FN:12,(anonymous_3)
FN:13,(anonymous_4)
FN:16,(anonymous_5)
FN:17,(anonymous_6)
FN:20,(anonymous_7)
FN:21,(anonymous_8)
FNF:8
FNH:8
FNDA:8,(anonymous_1)
FNDA:8,(anonymous_2)
FNDA:8,(anonymous_3)
FNDA:8,(anonymous_4)
FNDA:8,(anonymous_5)
FNDA:8,(anonymous_6)
FNDA:8,(anonymous_7)
FNDA:8,(anonymous_8)
DA:1,4
DA:2,4
DA:4,4
DA:5,8
DA:6,8
DA:12,8
DA:13,8
DA:16,8
DA:17,8
DA:20,8
DA:21,8
LF:11
LH:11
BRF:0
BRH:0
end_of_record
TN:
SF:src\components\CustomChart.tsx
FN:28,CustomChart
FNF:1
FNH:0
FNDA:0,CustomChart
DA:1,4
DA:2,4
DA:13,4
DA:14,4
DA:17,4
DA:29,0
DA:30,0
DA:31,0
DA:64,0
DA:74,0
DA:82,4
LF:11
LH:6
BRDA:74,0,0,0
BRDA:74,0,1,0
BRF:2
BRH:0
end_of_record
TN:
SF:src\components\CustomTable.tsx
FN:8,(anonymous_1)
FN:25,(anonymous_2)
FN:30,(anonymous_3)
FN:38,CustomTable
FN:45,(anonymous_5)
FN:51,(anonymous_6)
FN:53,(anonymous_7)
FNF:7
FNH:0
FNDA:0,(anonymous_1)
FNDA:0,(anonymous_2)
FNDA:0,(anonymous_3)
FNDA:0,CustomTable
FNDA:0,(anonymous_5)
FNDA:0,(anonymous_6)
FNDA:0,(anonymous_7)
DA:1,4
DA:3,4
DA:5,4
DA:8,0
DA:25,0
DA:30,0
DA:39,0
DA:40,0
DA:46,0
DA:52,0
DA:54,0
DA:64,4
LF:12
LH:4
BRF:0
BRH:0
end_of_record
TN:
SF:src\components\FormComponent.tsx
FN:13,FormComponent
FN:17,(anonymous_2)
FN:20,(anonymous_3)
FNF:3
FNH:0
FNDA:0,FormComponent
FNDA:0,(anonymous_2)
FNDA:0,(anonymous_3)
DA:1,4
DA:2,4
DA:4,4
DA:6,4
DA:14,0
DA:15,0
DA:18,0
DA:21,0
DA:32,4
LF:9
LH:5
BRDA:23,0,0,0
BRDA:23,0,1,0
BRDA:24,1,0,0
BRDA:24,1,1,0
BRF:4
BRH:0
end_of_record
TN:
SF:src\components\Header.tsx
FN:8,(anonymous_1)
FN:9,(anonymous_2)
FN:14,Header
FNF:3
FNH:0
FNDA:0,(anonymous_1)
FNDA:0,(anonymous_2)
FNDA:0,Header
DA:1,4
DA:2,4
DA:3,4
DA:4,4
DA:5,4
DA:7,4
DA:8,0
DA:9,0
DA:15,0
DA:36,4
LF:10
LH:7
BRF:0
BRH:0
end_of_record
TN:
SF:src\components\Logo.tsx
FN:5,(anonymous_1)
FN:7,(anonymous_2)
FN:8,(anonymous_3)
FNF:3
FNH:3
FNDA:4,(anonymous_1)
FNDA:4,(anonymous_2)
FNDA:4,(anonymous_3)
DA:1,4
DA:2,4
DA:4,4
DA:5,4
DA:7,4
DA:8,4
LF:6
LH:6
BRF:0
BRH:0
end_of_record
TN:
SF:src\components\StyledButton.tsx
FN:18,(anonymous_1)
FN:19,(anonymous_2)
FN:21,(anonymous_3)
FN:26,(anonymous_4)
FN:27,(anonymous_5)
FN:29,(anonymous_6)
FN:35,(anonymous_7)
FN:39,(anonymous_8)
FN:45,(anonymous_9)
FN:46,(anonymous_10)
FN:49,(anonymous_11)
FN:50,(anonymous_12)
FNF:12
FNH:12
FNDA:8,(anonymous_1)
FNDA:8,(anonymous_2)
FNDA:8,(anonymous_3)
FNDA:8,(anonymous_4)
FNDA:8,(anonymous_5)
FNDA:8,(anonymous_6)
FNDA:8,(anonymous_7)
FNDA:8,(anonymous_8)
FNDA:8,(anonymous_9)
FNDA:8,(anonymous_10)
FNDA:8,(anonymous_11)
FNDA:8,(anonymous_12)
DA:1,4
DA:3,4
DA:5,4
DA:18,8
DA:19,8
DA:21,8
DA:26,8
DA:27,8
DA:29,8
DA:35,8
DA:39,8
DA:45,8
DA:46,8
DA:49,8
DA:50,8
LF:15
LH:15
BRF:0
BRH:0
end_of_record
TN:
SF:src\components\StyledInput.tsx
FN:6,(anonymous_1)
FN:7,(anonymous_2)
FN:9,(anonymous_3)
FN:20,(anonymous_4)
FN:21,(anonymous_5)
FN:22,(anonymous_6)
FN:28,(anonymous_7)
FNF:7
FNH:0
FNDA:0,(anonymous_1)
FNDA:0,(anonymous_2)
FNDA:0,(anonymous_3)
FNDA:0,(anonymous_4)
FNDA:0,(anonymous_5)
FNDA:0,(anonymous_6)
FNDA:0,(anonymous_7)
DA:1,4
DA:3,4
DA:5,4
DA:6,0
DA:7,0
DA:9,0
DA:20,0
DA:21,0
DA:22,0
DA:28,0
LF:10
LH:3
BRF:0
BRH:0
end_of_record
TN:
SF:src\components\Typographies.tsx
FN:7,(anonymous_1)
FN:8,(anonymous_2)
FN:9,(anonymous_3)
FN:10,(anonymous_4)
FN:15,(anonymous_5)
FN:16,(anonymous_6)
FN:17,(anonymous_7)
FN:18,(anonymous_8)
FN:23,(anonymous_9)
FN:24,(anonymous_10)
FN:25,(anonymous_11)
FN:26,(anonymous_12)
FN:33,(anonymous_13)
FN:34,(anonymous_14)
FN:35,(anonymous_15)
FN:36,(anonymous_16)
FN:40,(anonymous_17)
FN:41,(anonymous_18)
FN:42,(anonymous_19)
FN:43,(anonymous_20)
FN:48,(anonymous_21)
FN:49,(anonymous_22)
FN:50,(anonymous_23)
FN:51,(anonymous_24)
FNF:24
FNH:0
FNDA:0,(anonymous_1)
FNDA:0,(anonymous_2)
FNDA:0,(anonymous_3)
FNDA:0,(anonymous_4)
FNDA:0,(anonymous_5)
FNDA:0,(anonymous_6)
FNDA:0,(anonymous_7)
FNDA:0,(anonymous_8)
FNDA:0,(anonymous_9)
FNDA:0,(anonymous_10)
FNDA:0,(anonymous_11)
FNDA:0,(anonymous_12)
FNDA:0,(anonymous_13)
FNDA:0,(anonymous_14)
FNDA:0,(anonymous_15)
FNDA:0,(anonymous_16)
FNDA:0,(anonymous_17)
FNDA:0,(anonymous_18)
FNDA:0,(anonymous_19)
FNDA:0,(anonymous_20)
FNDA:0,(anonymous_21)
FNDA:0,(anonymous_22)
FNDA:0,(anonymous_23)
FNDA:0,(anonymous_24)
DA:1,4
DA:3,4
DA:6,4
DA:7,0
DA:8,0
DA:9,0
DA:10,0
DA:14,4
DA:15,0
DA:16,0
DA:17,0
DA:18,0
DA:22,4
DA:23,0
DA:24,0
DA:25,0
DA:26,0
DA:32,4
DA:33,0
DA:34,0
DA:35,0
DA:36,0
DA:39,4
DA:40,0
DA:41,0
DA:42,0
DA:43,0
DA:47,4
DA:48,0
DA:49,0
DA:50,0
DA:51,0
LF:32
LH:8
BRDA:7,0,0,0
BRDA:7,0,1,0
BRDA:8,1,0,0
BRDA:8,1,1,0
BRDA:9,2,0,0
BRDA:9,2,1,0
BRDA:10,3,0,0
BRDA:10,3,1,0
BRDA:15,4,0,0
BRDA:15,4,1,0
BRDA:16,5,0,0
BRDA:16,5,1,0
BRDA:17,6,0,0
BRDA:17,6,1,0
BRDA:18,7,0,0
BRDA:18,7,1,0
BRDA:23,8,0,0
BRDA:23,8,1,0
BRDA:24,9,0,0
BRDA:24,9,1,0
BRDA:25,10,0,0
BRDA:25,10,1,0
BRDA:26,11,0,0
BRDA:26,11,1,0
BRDA:33,12,0,0
BRDA:33,12,1,0
BRDA:34,13,0,0
BRDA:34,13,1,0
BRDA:35,14,0,0
BRDA:35,14,1,0
BRDA:36,15,0,0
BRDA:36,15,1,0
BRDA:40,16,0,0
BRDA:40,16,1,0
BRDA:41,17,0,0
BRDA:41,17,1,0
BRDA:42,18,0,0
BRDA:42,18,1,0
BRDA:43,19,0,0
BRDA:43,19,1,0
BRDA:48,20,0,0
BRDA:48,20,1,0
BRDA:49,21,0,0
BRDA:49,21,1,0
BRDA:50,22,0,0
BRDA:50,22,1,0
BRDA:51,23,0,0
BRDA:51,23,1,0
BRF:48
BRH:0
end_of_record
TN:
SF:src\components\index.ts
FN:7,(anonymous_5)
FN:8,(anonymous_6)
FN:9,(anonymous_7)
FN:10,(anonymous_8)
FN:11,(anonymous_9)
FNF:5
FNH:0
FNDA:0,(anonymous_5)
FNDA:0,(anonymous_6)
FNDA:0,(anonymous_7)
FNDA:0,(anonymous_8)
FNDA:0,(anonymous_9)
DA:1,4
DA:2,4
DA:3,4
DA:4,4
DA:5,4
DA:6,4
DA:7,4
DA:8,4
DA:9,4
DA:10,4
DA:11,4
LF:11
LH:11
BRF:0
BRH:0
end_of_record
TN:
SF:src\resources\themesList.ts
FNF:0
FNH:0
DA:1,3
DA:3,3
LF:2
LH:2
BRF:0
BRH:0
end_of_record
TN:
SF:src\styles\globalStyle.ts
FN:6,(anonymous_0)
FN:7,(anonymous_1)
FN:31,(anonymous_2)
FN:34,(anonymous_3)
FNF:4
FNH:0
FNDA:0,(anonymous_0)
FNDA:0,(anonymous_1)
FNDA:0,(anonymous_2)
FNDA:0,(anonymous_3)
DA:1,3
DA:2,3
DA:4,3
DA:6,0
DA:7,0
DA:31,0
DA:34,0
LF:7
LH:3
BRF:0
BRH:0
end_of_record
TN:
SF:src\styles\index.ts
FNF:0
FNH:0
DA:1,3
DA:2,3
LF:2
LH:2
BRF:0
BRH:0
end_of_record
TN:
SF:src\styles\theme.ts
FNF:0
FNH:0
DA:3,3
DA:43,3
LF:2
LH:2
BRF:0
BRH:0
end_of_record
TN:
SF:src\utils\currencyConverter.ts
FN:6,(anonymous_0)
FNF:1
FNH:0
FNDA:0,(anonymous_0)
DA:6,7
DA:7,0
LF:2
LH:1
BRF:0
BRH:0
end_of_record
TN:
SF:src\utils\highlightTextConverter.ts
FN:6,highlightTextConverter
FNF:1
FNH:1
FNDA:4,highlightTextConverter
DA:6,7
DA:7,4
DA:9,1
DA:11,1
DA:13,1
DA:15,1
LF:6
LH:6
BRDA:7,0,0,1
BRDA:7,0,1,1
BRDA:7,0,2,1
BRDA:7,0,3,1
BRF:4
BRH:4
end_of_record
TN:
SF:src\utils\index.ts
FNF:0
FNH:0
DA:1,7
DA:2,7
DA:3,7
DA:4,7
LF:4
LH:4
BRF:0
BRH:0
end_of_record
TN:
SF:src\utils\jwtExpirationDateConverter.ts
FN:6,jwtExpirationDateConverter
FNF:1
FNH:1
FNDA:3,jwtExpirationDateConverter
DA:6,7
DA:7,3
DA:8,3
DA:9,3
DA:10,3
DA:11,3
LF:6
LH:6
BRF:0
BRH:0
end_of_record
TN:
SF:src\utils\pxToRem.ts
FN:6,pxToRem
FNF:1
FNH:1
FNDA:127,pxToRem
DA:6,7
DA:7,127
LF:2
LH:2
BRF:0
BRH:0
end_of_record
